2015-11-20 11:12:26,989 - SimpleLog4JLogSystem initialized using logfile 'velocity.log'
2015-11-20 11:12:26,989 - ************************************************************** 
2015-11-20 11:12:26,989 - Starting Jakarta Velocity v1.4
2015-11-20 11:12:26,989 - RuntimeInstance initializing.
2015-11-20 11:12:26,989 - Default Properties File: org\apache\velocity\runtime\defaults\velocity.properties
2015-11-20 11:12:26,989 - Trying to use logger class org.apache.velocity.runtime.log.SimpleLog4JLogSystem
2015-11-20 11:12:26,989 - Using logger class org.apache.velocity.runtime.log.SimpleLog4JLogSystem
2015-11-20 11:12:26,996 - Default ResourceManager initializing. (class org.apache.velocity.runtime.resource.ResourceManagerImpl)
2015-11-20 11:12:27,000 - Resource Loader Instantiated: org.apache.velocity.runtime.resource.loader.ClasspathResourceLoader
2015-11-20 11:12:27,000 - ClasspathResourceLoader : initialization starting.
2015-11-20 11:12:27,000 - ClasspathResourceLoader : initialization complete.
2015-11-20 11:12:27,002 - ResourceCache : initialized. (class org.apache.velocity.runtime.resource.ResourceCacheImpl)
2015-11-20 11:12:27,002 - Default ResourceManager initialization complete.
2015-11-20 11:12:27,005 - Loaded System Directive: org.apache.velocity.runtime.directive.Literal
2015-11-20 11:12:27,007 - Loaded System Directive: org.apache.velocity.runtime.directive.Macro
2015-11-20 11:12:27,011 - Loaded System Directive: org.apache.velocity.runtime.directive.Parse
2015-11-20 11:12:27,014 - Loaded System Directive: org.apache.velocity.runtime.directive.Include
2015-11-20 11:12:27,015 - Loaded System Directive: org.apache.velocity.runtime.directive.Foreach
2015-11-20 11:12:27,051 - Created: 20 parsers.
2015-11-20 11:12:27,064 - Velocimacro : initialization starting.
2015-11-20 11:12:27,064 - Velocimacro : adding VMs from VM library template : VM_global_library.vm
2015-11-20 11:12:27,078 - ResourceManager : unable to find resource 'VM_global_library.vm' in any resource loader.
2015-11-20 11:12:27,078 - Velocimacro : error using  VM library template VM_global_library.vm : org.apache.velocity.exception.ResourceNotFoundException: Unable to find resource 'VM_global_library.vm'
2015-11-20 11:12:27,078 - Velocimacro :  VM library template macro registration complete.
2015-11-20 11:12:27,078 - Velocimacro : allowInline = true : VMs can be defined inline in templates
2015-11-20 11:12:27,078 - Velocimacro : allowInlineToOverride = false : VMs defined inline may NOT replace previous VM definitions
2015-11-20 11:12:27,078 - Velocimacro : allowInlineLocal = false : VMs defined inline will be  global in scope if allowed.
2015-11-20 11:12:27,078 - Velocimacro : messages on  : VM system will output logging messages
2015-11-20 11:12:27,078 - Velocimacro : autoload off  : VM system will not automatically reload global library macros
2015-11-20 11:12:27,078 - Velocimacro : initialization complete.
2015-11-20 11:12:27,078 - Velocity successfully started.
2015-11-20 11:26:46,253 - SimpleLog4JLogSystem initialized using logfile 'velocity.log'
2015-11-20 11:26:46,253 - ************************************************************** 
2015-11-20 11:26:46,253 - Starting Jakarta Velocity v1.4
2015-11-20 11:26:46,253 - RuntimeInstance initializing.
2015-11-20 11:26:46,253 - Default Properties File: org\apache\velocity\runtime\defaults\velocity.properties
2015-11-20 11:26:46,253 - Trying to use logger class org.apache.velocity.runtime.log.SimpleLog4JLogSystem
2015-11-20 11:26:46,253 - Using logger class org.apache.velocity.runtime.log.SimpleLog4JLogSystem
2015-11-20 11:26:46,257 - Default ResourceManager initializing. (class org.apache.velocity.runtime.resource.ResourceManagerImpl)
2015-11-20 11:26:46,259 - Resource Loader Instantiated: org.apache.velocity.runtime.resource.loader.ClasspathResourceLoader
2015-11-20 11:26:46,259 - ClasspathResourceLoader : initialization starting.
2015-11-20 11:26:46,259 - ClasspathResourceLoader : initialization complete.
2015-11-20 11:26:46,260 - ResourceCache : initialized. (class org.apache.velocity.runtime.resource.ResourceCacheImpl)
2015-11-20 11:26:46,260 - Default ResourceManager initialization complete.
2015-11-20 11:26:46,262 - Loaded System Directive: org.apache.velocity.runtime.directive.Literal
2015-11-20 11:26:46,264 - Loaded System Directive: org.apache.velocity.runtime.directive.Macro
2015-11-20 11:26:46,266 - Loaded System Directive: org.apache.velocity.runtime.directive.Parse
2015-11-20 11:26:46,268 - Loaded System Directive: org.apache.velocity.runtime.directive.Include
2015-11-20 11:26:46,268 - Loaded System Directive: org.apache.velocity.runtime.directive.Foreach
2015-11-20 11:26:46,294 - Created: 20 parsers.
2015-11-20 11:26:46,301 - Velocimacro : initialization starting.
2015-11-20 11:26:46,301 - Velocimacro : adding VMs from VM library template : VM_global_library.vm
2015-11-20 11:26:46,309 - ResourceManager : unable to find resource 'VM_global_library.vm' in any resource loader.
2015-11-20 11:26:46,309 - Velocimacro : error using  VM library template VM_global_library.vm : org.apache.velocity.exception.ResourceNotFoundException: Unable to find resource 'VM_global_library.vm'
2015-11-20 11:26:46,309 - Velocimacro :  VM library template macro registration complete.
2015-11-20 11:26:46,309 - Velocimacro : allowInline = true : VMs can be defined inline in templates
2015-11-20 11:26:46,309 - Velocimacro : allowInlineToOverride = false : VMs defined inline may NOT replace previous VM definitions
2015-11-20 11:26:46,309 - Velocimacro : allowInlineLocal = false : VMs defined inline will be  global in scope if allowed.
2015-11-20 11:26:46,309 - Velocimacro : messages on  : VM system will output logging messages
2015-11-20 11:26:46,309 - Velocimacro : autoload off  : VM system will not automatically reload global library macros
2015-11-20 11:26:46,310 - Velocimacro : initialization complete.
2015-11-20 11:26:46,310 - Velocity successfully started.
2015-11-20 11:28:23,291 - ResourceManager : found repast/simphony/scenario/Scenario.vt with loader org.apache.velocity.runtime.resource.loader.ClasspathResourceLoader
2015-11-27 14:34:52,561 - SimpleLog4JLogSystem initialized using logfile 'velocity.log'
2015-11-27 14:34:52,561 - ************************************************************** 
2015-11-27 14:34:52,561 - Starting Jakarta Velocity v1.4
2015-11-27 14:34:52,561 - RuntimeInstance initializing.
2015-11-27 14:34:52,561 - Default Properties File: org\apache\velocity\runtime\defaults\velocity.properties
2015-11-27 14:34:52,561 - Trying to use logger class org.apache.velocity.runtime.log.SimpleLog4JLogSystem
2015-11-27 14:34:52,561 - Using logger class org.apache.velocity.runtime.log.SimpleLog4JLogSystem
2015-11-27 14:34:52,570 - Default ResourceManager initializing. (class org.apache.velocity.runtime.resource.ResourceManagerImpl)
2015-11-27 14:34:52,574 - Resource Loader Instantiated: org.apache.velocity.runtime.resource.loader.ClasspathResourceLoader
2015-11-27 14:34:52,574 - ClasspathResourceLoader : initialization starting.
2015-11-27 14:34:52,574 - ClasspathResourceLoader : initialization complete.
2015-11-27 14:34:52,577 - ResourceCache : initialized. (class org.apache.velocity.runtime.resource.ResourceCacheImpl)
2015-11-27 14:34:52,577 - Default ResourceManager initialization complete.
2015-11-27 14:34:52,581 - Loaded System Directive: org.apache.velocity.runtime.directive.Literal
2015-11-27 14:34:52,586 - Loaded System Directive: org.apache.velocity.runtime.directive.Macro
2015-11-27 14:34:52,592 - Loaded System Directive: org.apache.velocity.runtime.directive.Parse
2015-11-27 14:34:52,601 - Loaded System Directive: org.apache.velocity.runtime.directive.Include
2015-11-27 14:34:52,604 - Loaded System Directive: org.apache.velocity.runtime.directive.Foreach
2015-11-27 14:34:52,664 - Created: 20 parsers.
2015-11-27 14:34:52,684 - Velocimacro : initialization starting.
2015-11-27 14:34:52,684 - Velocimacro : adding VMs from VM library template : VM_global_library.vm
2015-11-27 14:34:52,709 - ResourceManager : unable to find resource 'VM_global_library.vm' in any resource loader.
2015-11-27 14:34:52,717 - Velocimacro : error using  VM library template VM_global_library.vm : org.apache.velocity.exception.ResourceNotFoundException: Unable to find resource 'VM_global_library.vm'
2015-11-27 14:34:52,717 - Velocimacro :  VM library template macro registration complete.
2015-11-27 14:34:52,717 - Velocimacro : allowInline = true : VMs can be defined inline in templates
2015-11-27 14:34:52,717 - Velocimacro : allowInlineToOverride = false : VMs defined inline may NOT replace previous VM definitions
2015-11-27 14:34:52,717 - Velocimacro : allowInlineLocal = false : VMs defined inline will be  global in scope if allowed.
2015-11-27 14:34:52,717 - Velocimacro : messages on  : VM system will output logging messages
2015-11-27 14:34:52,717 - Velocimacro : autoload off  : VM system will not automatically reload global library macros
2015-11-27 14:34:52,717 - Velocimacro : initialization complete.
2015-11-27 14:34:52,717 - Velocity successfully started.
2015-11-27 14:34:57,124 - SimpleLog4JLogSystem initialized using logfile 'velocity.log'
2015-11-27 14:34:57,125 - ************************************************************** 
2015-11-27 14:34:57,125 - Starting Jakarta Velocity v1.4
2015-11-27 14:34:57,125 - RuntimeInstance initializing.
2015-11-27 14:34:57,125 - Default Properties File: org\apache\velocity\runtime\defaults\velocity.properties
2015-11-27 14:34:57,125 - Trying to use logger class org.apache.velocity.runtime.log.SimpleLog4JLogSystem
2015-11-27 14:34:57,125 - Using logger class org.apache.velocity.runtime.log.SimpleLog4JLogSystem
2015-11-27 14:34:57,135 - Default ResourceManager initializing. (class org.apache.velocity.runtime.resource.ResourceManagerImpl)
2015-11-27 14:34:57,139 - Resource Loader Instantiated: org.apache.velocity.runtime.resource.loader.ClasspathResourceLoader
2015-11-27 14:34:57,139 - ClasspathResourceLoader : initialization starting.
2015-11-27 14:34:57,139 - ClasspathResourceLoader : initialization complete.
2015-11-27 14:34:57,143 - ResourceCache : initialized. (class org.apache.velocity.runtime.resource.ResourceCacheImpl)
2015-11-27 14:34:57,143 - Default ResourceManager initialization complete.
2015-11-27 14:34:57,147 - Loaded System Directive: org.apache.velocity.runtime.directive.Literal
2015-11-27 14:34:57,150 - Loaded System Directive: org.apache.velocity.runtime.directive.Macro
2015-11-27 14:34:57,157 - Loaded System Directive: org.apache.velocity.runtime.directive.Parse
2015-11-27 14:34:57,162 - Loaded System Directive: org.apache.velocity.runtime.directive.Include
2015-11-27 14:34:57,167 - Loaded System Directive: org.apache.velocity.runtime.directive.Foreach
2015-11-27 14:34:57,229 - Created: 20 parsers.
2015-11-27 14:34:57,245 - Velocimacro : initialization starting.
2015-11-27 14:34:57,245 - Velocimacro : adding VMs from VM library template : VM_global_library.vm
2015-11-27 14:34:57,264 - ResourceManager : unable to find resource 'VM_global_library.vm' in any resource loader.
2015-11-27 14:34:57,264 - Velocimacro : error using  VM library template VM_global_library.vm : org.apache.velocity.exception.ResourceNotFoundException: Unable to find resource 'VM_global_library.vm'
2015-11-27 14:34:57,265 - Velocimacro :  VM library template macro registration complete.
2015-11-27 14:34:57,265 - Velocimacro : allowInline = true : VMs can be defined inline in templates
2015-11-27 14:34:57,265 - Velocimacro : allowInlineToOverride = false : VMs defined inline may NOT replace previous VM definitions
2015-11-27 14:34:57,265 - Velocimacro : allowInlineLocal = false : VMs defined inline will be  global in scope if allowed.
2015-11-27 14:34:57,265 - Velocimacro : messages on  : VM system will output logging messages
2015-11-27 14:34:57,265 - Velocimacro : autoload off  : VM system will not automatically reload global library macros
2015-11-27 14:34:57,265 - Velocimacro : initialization complete.
2015-11-27 14:34:57,265 - Velocity successfully started.
2015-11-27 14:37:06,452 - ResourceManager : found repast/simphony/parameter/parameters.vt with loader org.apache.velocity.runtime.resource.loader.ClasspathResourceLoader
2015-11-27 14:37:45,329 - ResourceManager : found repast/simphony/parameter/parameters.vt with loader org.apache.velocity.runtime.resource.loader.ClasspathResourceLoader
2015-11-27 14:38:11,402 - ResourceManager : found repast/simphony/parameter/parameters.vt with loader org.apache.velocity.runtime.resource.loader.ClasspathResourceLoader
2015-11-27 14:38:27,036 - ResourceManager : found repast/simphony/parameter/parameters.vt with loader org.apache.velocity.runtime.resource.loader.ClasspathResourceLoader
2015-11-27 14:40:31,329 - ResourceManager : found repast/simphony/parameter/parameters.vt with loader org.apache.velocity.runtime.resource.loader.ClasspathResourceLoader
2015-11-27 14:40:55,327 - ResourceManager : found repast/simphony/parameter/parameters.vt with loader org.apache.velocity.runtime.resource.loader.ClasspathResourceLoader
2015-11-27 14:41:09,194 - ResourceManager : found repast/simphony/parameter/parameters.vt with loader org.apache.velocity.runtime.resource.loader.ClasspathResourceLoader
2015-11-27 14:42:38,960 - ResourceManager : found repast/simphony/parameter/parameters.vt with loader org.apache.velocity.runtime.resource.loader.ClasspathResourceLoader
2015-11-27 14:46:52,282 - ResourceManager : found repast/simphony/scenario/Scenario.vt with loader org.apache.velocity.runtime.resource.loader.ClasspathResourceLoader
2015-11-29 15:08:49,887 - SimpleLog4JLogSystem initialized using logfile 'velocity.log'
2015-11-29 15:08:49,887 - ************************************************************** 
2015-11-29 15:08:49,887 - Starting Jakarta Velocity v1.4
2015-11-29 15:08:49,887 - RuntimeInstance initializing.
2015-11-29 15:08:49,887 - Default Properties File: org\apache\velocity\runtime\defaults\velocity.properties
2015-11-29 15:08:49,887 - Trying to use logger class org.apache.velocity.runtime.log.SimpleLog4JLogSystem
2015-11-29 15:08:49,888 - Using logger class org.apache.velocity.runtime.log.SimpleLog4JLogSystem
2015-11-29 15:08:49,898 - Default ResourceManager initializing. (class org.apache.velocity.runtime.resource.ResourceManagerImpl)
2015-11-29 15:08:49,955 - Resource Loader Instantiated: org.apache.velocity.runtime.resource.loader.ClasspathResourceLoader
2015-11-29 15:08:49,955 - ClasspathResourceLoader : initialization starting.
2015-11-29 15:08:49,955 - ClasspathResourceLoader : initialization complete.
2015-11-29 15:08:49,959 - ResourceCache : initialized. (class org.apache.velocity.runtime.resource.ResourceCacheImpl)
2015-11-29 15:08:49,959 - Default ResourceManager initialization complete.
2015-11-29 15:08:49,967 - Loaded System Directive: org.apache.velocity.runtime.directive.Literal
2015-11-29 15:08:49,971 - Loaded System Directive: org.apache.velocity.runtime.directive.Macro
2015-11-29 15:08:49,977 - Loaded System Directive: org.apache.velocity.runtime.directive.Parse
2015-11-29 15:08:49,982 - Loaded System Directive: org.apache.velocity.runtime.directive.Include
2015-11-29 15:08:49,984 - Loaded System Directive: org.apache.velocity.runtime.directive.Foreach
2015-11-29 15:08:50,065 - Created: 20 parsers.
2015-11-29 15:08:50,085 - Velocimacro : initialization starting.
2015-11-29 15:08:50,085 - Velocimacro : adding VMs from VM library template : VM_global_library.vm
2015-11-29 15:08:50,111 - ResourceManager : unable to find resource 'VM_global_library.vm' in any resource loader.
2015-11-29 15:08:50,111 - Velocimacro : error using  VM library template VM_global_library.vm : org.apache.velocity.exception.ResourceNotFoundException: Unable to find resource 'VM_global_library.vm'
2015-11-29 15:08:50,112 - Velocimacro :  VM library template macro registration complete.
2015-11-29 15:08:50,112 - Velocimacro : allowInline = true : VMs can be defined inline in templates
2015-11-29 15:08:50,112 - Velocimacro : allowInlineToOverride = false : VMs defined inline may NOT replace previous VM definitions
2015-11-29 15:08:50,112 - Velocimacro : allowInlineLocal = false : VMs defined inline will be  global in scope if allowed.
2015-11-29 15:08:50,119 - Velocimacro : messages on  : VM system will output logging messages
2015-11-29 15:08:50,119 - Velocimacro : autoload off  : VM system will not automatically reload global library macros
2015-11-29 15:08:50,119 - Velocimacro : initialization complete.
2015-11-29 15:08:50,119 - Velocity successfully started.
2015-11-29 15:08:50,493 - SimpleLog4JLogSystem initialized using logfile 'velocity.log'
2015-11-29 15:08:50,493 - ************************************************************** 
2015-11-29 15:08:50,494 - Starting Jakarta Velocity v1.4
2015-11-29 15:08:50,494 - RuntimeInstance initializing.
2015-11-29 15:08:50,494 - Default Properties File: org\apache\velocity\runtime\defaults\velocity.properties
2015-11-29 15:08:50,494 - Trying to use logger class org.apache.velocity.runtime.log.SimpleLog4JLogSystem
2015-11-29 15:08:50,494 - Using logger class org.apache.velocity.runtime.log.SimpleLog4JLogSystem
2015-11-29 15:08:50,504 - Default ResourceManager initializing. (class org.apache.velocity.runtime.resource.ResourceManagerImpl)
2015-11-29 15:08:50,508 - Resource Loader Instantiated: org.apache.velocity.runtime.resource.loader.ClasspathResourceLoader
2015-11-29 15:08:50,508 - ClasspathResourceLoader : initialization starting.
2015-11-29 15:08:50,508 - ClasspathResourceLoader : initialization complete.
2015-11-29 15:08:50,512 - ResourceCache : initialized. (class org.apache.velocity.runtime.resource.ResourceCacheImpl)
2015-11-29 15:08:50,512 - Default ResourceManager initialization complete.
2015-11-29 15:08:50,517 - Loaded System Directive: org.apache.velocity.runtime.directive.Literal
2015-11-29 15:08:50,521 - Loaded System Directive: org.apache.velocity.runtime.directive.Macro
2015-11-29 15:08:50,529 - Loaded System Directive: org.apache.velocity.runtime.directive.Parse
2015-11-29 15:08:50,532 - Loaded System Directive: org.apache.velocity.runtime.directive.Include
2015-11-29 15:08:50,535 - Loaded System Directive: org.apache.velocity.runtime.directive.Foreach
2015-11-29 15:08:50,595 - Created: 20 parsers.
2015-11-29 15:08:50,609 - Velocimacro : initialization starting.
2015-11-29 15:08:50,609 - Velocimacro : adding VMs from VM library template : VM_global_library.vm
2015-11-29 15:08:50,625 - ResourceManager : unable to find resource 'VM_global_library.vm' in any resource loader.
2015-11-29 15:08:50,625 - Velocimacro : error using  VM library template VM_global_library.vm : org.apache.velocity.exception.ResourceNotFoundException: Unable to find resource 'VM_global_library.vm'
2015-11-29 15:08:50,625 - Velocimacro :  VM library template macro registration complete.
2015-11-29 15:08:50,625 - Velocimacro : allowInline = true : VMs can be defined inline in templates
2015-11-29 15:08:50,625 - Velocimacro : allowInlineToOverride = false : VMs defined inline may NOT replace previous VM definitions
2015-11-29 15:08:50,625 - Velocimacro : allowInlineLocal = false : VMs defined inline will be  global in scope if allowed.
2015-11-29 15:08:50,625 - Velocimacro : messages on  : VM system will output logging messages
2015-11-29 15:08:50,625 - Velocimacro : autoload off  : VM system will not automatically reload global library macros
2015-11-29 15:08:50,625 - Velocimacro : initialization complete.
2015-11-29 15:08:50,625 - Velocity successfully started.
2015-12-04 10:34:21,262 - SimpleLog4JLogSystem initialized using logfile 'velocity.log'
2015-12-04 10:34:21,278 - ************************************************************** 
2015-12-04 10:34:21,278 - Starting Jakarta Velocity v1.4
2015-12-04 10:34:21,278 - RuntimeInstance initializing.
2015-12-04 10:34:21,278 - Default Properties File: org\apache\velocity\runtime\defaults\velocity.properties
2015-12-04 10:34:21,278 - Trying to use logger class org.apache.velocity.runtime.log.SimpleLog4JLogSystem
2015-12-04 10:34:21,278 - Using logger class org.apache.velocity.runtime.log.SimpleLog4JLogSystem
2015-12-04 10:34:21,278 - Default ResourceManager initializing. (class org.apache.velocity.runtime.resource.ResourceManagerImpl)
2015-12-04 10:34:21,294 - Resource Loader Instantiated: org.apache.velocity.runtime.resource.loader.ClasspathResourceLoader
2015-12-04 10:34:21,294 - ClasspathResourceLoader : initialization starting.
2015-12-04 10:34:21,294 - ClasspathResourceLoader : initialization complete.
2015-12-04 10:34:21,294 - ResourceCache : initialized. (class org.apache.velocity.runtime.resource.ResourceCacheImpl)
2015-12-04 10:34:21,294 - Default ResourceManager initialization complete.
2015-12-04 10:34:21,294 - Loaded System Directive: org.apache.velocity.runtime.directive.Literal
2015-12-04 10:34:21,294 - Loaded System Directive: org.apache.velocity.runtime.directive.Macro
2015-12-04 10:34:21,309 - Loaded System Directive: org.apache.velocity.runtime.directive.Parse
2015-12-04 10:34:21,309 - Loaded System Directive: org.apache.velocity.runtime.directive.Include
2015-12-04 10:34:21,309 - Loaded System Directive: org.apache.velocity.runtime.directive.Foreach
2015-12-04 10:34:21,356 - Created: 20 parsers.
2015-12-04 10:34:21,372 - Velocimacro : initialization starting.
2015-12-04 10:34:21,372 - Velocimacro : adding VMs from VM library template : VM_global_library.vm
2015-12-04 10:34:21,387 - ResourceManager : unable to find resource 'VM_global_library.vm' in any resource loader.
2015-12-04 10:34:21,387 - Velocimacro : error using  VM library template VM_global_library.vm : org.apache.velocity.exception.ResourceNotFoundException: Unable to find resource 'VM_global_library.vm'
2015-12-04 10:34:21,387 - Velocimacro :  VM library template macro registration complete.
2015-12-04 10:34:21,387 - Velocimacro : allowInline = true : VMs can be defined inline in templates
2015-12-04 10:34:21,387 - Velocimacro : allowInlineToOverride = false : VMs defined inline may NOT replace previous VM definitions
2015-12-04 10:34:21,387 - Velocimacro : allowInlineLocal = false : VMs defined inline will be  global in scope if allowed.
2015-12-04 10:34:21,387 - Velocimacro : messages on  : VM system will output logging messages
2015-12-04 10:34:21,387 - Velocimacro : autoload off  : VM system will not automatically reload global library macros
2015-12-04 10:34:21,387 - Velocimacro : initialization complete.
2015-12-04 10:34:21,387 - Velocity successfully started.
